-----------------------------------------------------------------------------
## mhw2epgdownloader.mips version 1.0.11 ## By sergiotas (C) 2011 
-----------------------------------------------------------------------------

Este software es gratuito y para uso personal y exclusivo de abonados a una plataforma digital
El autor de este software rechaza la pirateria de las televisiones de pago


detecting e2 device...
I can't autodetect device
Log File: mhw2epgdownloader.log
Log level: 0
current exec path: ./
Config File: mhw2epgdownloader.conf
Protocol: autodetect
device: autodetect
max programs blocks: 20000
max summaries: 7000
dbfile: mhw2epg.db
dbinmemory: 0
repeat: 2
run before: 
run after: 
latin1 to utf8: 1
seconds to add: 0
channel copy report: 0
byte order: little endian
sqlite version: 3.7.4

------Export to XMLTV------
XMLTV Enable: 0
XMLTV Events File: xmltv/tdteam.events.xml
XMLTV Channels File: xmltv/tdteam.channels.xml

------Export to CROSSEPG------
CROSSEPG Enable: 0
CROSSEPG db_root Path: autodetect
CROSSEPG libcrossepg Path: autodetect

------Export to MV------
MV Enable: 1
MV Path: /media/hdd/tmp/epg.dat

------Replace channels------
76c0:40e:1->74cc:3f8:1:CANAL+HD
76c0:40e:1->74d5:3f8:1:CANAL+HD
76ca:40e:1->78b6:3ec:1:CANAL+ 2 HD
76ca:40e:1->78bb:3ec:1:CANAL+ 2 HD
7696:41e:1->7887:414:1:CANAL+ SERIES HD
7696:41e:1->7882:414:1:CANAL+ SERIES HD
77c6:40a:1->74cf:3f8:1:C+XTRA HD
77c6:40a:1->74d4:3f8:1:C+XTRA HD
77c6:40a:1->74da:3f8:1:C+XTRA HD
77c6:40a:1->74d8:3f8:1:C+XTRA HD
746c:3f0:1->7500:420:1:C+ACCISN HD
746c:3f0:1->7509:420:1:C+ACCISN HD
746d:3f0:1->7851:41a:1:C+COMEDIA HD
746d:3f0:1->7857:41a:1:C+COMEDIA HD
746e:3f0:1->7502:420:1:C+DCINE HD
746e:3f0:1->750b:420:1:C+DCINE HD
76c7:40e:1->7885:414:1:TCM HD
76c7:40e:1->788a:414:1:TCM HD
77c1:40a:1->7882:414:1:HOLLYWOOD HD
77c1:40a:1->750c:420:1:HOLLYWOOD HD
77c9:40a:1->7883:414:1:TNT HD
77c9:40a:1->7888:414:1:TNT HD
746f:3f0:1->74fe:420:1:FOX HD
746f:3f0:1->7504:420:1:FOX HD
7790:424:1->781f:428:1:CALLE 13 HD
7790:424:1->7824:428:1:CALLE 13 HD
7468:3f0:1->78b5:3ec:1:FOX CRIME HD
7468:3f0:1->78ba:3ec:1:FOX CRIME HD
7730:416:1->78b8:3ec:1:COSMO HD
7730:416:1->78bd:3ec:1:COSMO HD
7796:424:1->74cd:3f8:1:SYFY HD
7796:424:1->74d1:3f8:1:SYFY HD
7477:3f0:1->7850:41a:1:AXN HD
7477:3f0:1->7856:41a:1:AXN HD
76c8:40e:1->78c0:3ec:1:COMEDY CENTRAL HD
7471:3f0:1->74db:3f8:1:AXN WHITE HD
778d:424:1->7821:428:1:NAT GEOGRAPH HD
778d:424:1->7829:428:1:NAT GEOGRAPH HD
77d8:40a:1->7884:414:1:NAT GEO WILD HD
77d8:40a:1->7889:414:1:NAT GEO WILD HD
76c9:40e:1->74ce:3f8:1:VIAJAR HD
76c9:40e:1->74d3:3f8:1:VIAJAR HD
7793:424:1->7859:41a:1:C+LIGA HD
7793:424:1->7858:41a:1:C+LIGA HD
7793:424:1->7852:41a:1:C+LIGA HD
756b:412:1->785a:41a:1:LIGA MULTI HD
756b:412:1->7853:41a:1:LIGA MULTI HD
778f:424:1->7822:428:1:C+DEPORT HD
778f:424:1->782a:428:1:C+DEPORT HD
778f:424:1->7828:428:1:C+DEPORT HD
7605:408:1->74d6:3f8:1:C+DEP2 HD
7605:408:1->74d7:3f8:1:C+DEP2 HD
778e:424:1->74ff:420:1:C+FUTBOL HD
778e:424:1->7508:420:1:C+FUTBOL HD
7789:424:1->78b7:3ec:1:CANAL+ GOLF HD
7789:424:1->78bc:3ec:1:CANAL+ GOLF HD
76c3:40e:1->7886:414:1:DISNEY CH HD
76c3:40e:1->788b:414:1:DISNEY CH HD
7729:416:1->7820:428:1:CINEMAGIC HD
7729:416:1->7826:428:1:CINEMAGIC HD
7729:416:1->7825:428:1:CINEMAGIC HD
7729:416:1->7827:428:1:CINEMAGIC HD
761f:408:1->6fb8:42c:1:MTV LIVE HD
761f:408:1->6fb9:42c:1:MTV LIVE HD
2028:430:1->781e:428:1:MEZZO HD
2028:430:1->7823:428:1:MEZZO HD
757c:412:1->78b4:3ec:1:C+LIGACAMPEONES HD
757c:412:1->78b9:3ec:1:C+LIGACAMPEONES HD
757c:412:1->78be:3ec:1:C+LIGACAMPEONES HD
757c:412:1->78bf:3ec:1:C+LIGACAMPEONES HD
756e:412:1->785b:41a:1:C+LIGACAMPEONES2 HD
756e:412:1->785d:41a:1:C+LIGACAMPEONES2 HD
756e:412:1->785c:41a:1:C+LIGACAMPEONES2 HD
7577:412:1->785f:41a:1:C+LIGACAMPEONES3 HD
7577:412:1->7860:41a:1:C+LIGACAMPEONES3 HD
7604:408:1->94:10:22d4:ANTENA3HD
77c2:40a:1->213:3f4:22d4:TVE2
77c7:40a:1->428:e:22d4:CUATROHD
77c3:40a:1->b9:f:22d4:TELECINCOHD
77bf:40a:1->158:e:22d4:LASEXTA HD
77bc:40a:1->b5:c:22d4:FDF
75fe:408:1->8d:d:22d4:NEOX
7469:3f0:1->8e:d:22d4:NOVA
77be:40a:1->215:3f4:22d4:CLAN
76cc:40e:1->9c43:9c40:22d4:TDPHD
749e:41c:1->b8:f:22d4:BOING
749a:41c:1->422:2:22d4:DIVINITY
749f:41c:1->423:e:22d4:ENERGY
77c0:40a:1->9c41:9c40:22d4:LA1HD
772d:416:1->772d:416:1:A-E

------Copy channels------
Max. Copies/channel: 3

------Delete channels------
---------------------------------------------------------

